//------------------------------------------------------------------------------
//--  Generated by TunerStudio 
//--  Date: 3-30-2023
//--  Time: 17:47
//--  This file merely records what was sent to your Controller,        
//--  and may be deleted at any time.                                                    
//--  Selected type: AFR Table 
//------------------------------------------------------------------------------

//-- generated using refTable Generator:linearGenerator
//-- Table Identifier:002//-- generated by Custom linear generator using user input data:
//-- Volts:0, 5     AFR:7.7, 20
//----------------------------------------------------------//
ADC 	Value 	MSVal 	volts
0	7.70	77 	0.000
1	7.71	77 	0.005
2	7.72	77 	0.010
3	7.74	77 	0.015
4	7.75	77 	0.020
5	7.76	78 	0.024
6	7.77	78 	0.029
7	7.78	78 	0.034
8	7.80	78 	0.039
9	7.81	78 	0.044
10	7.82	78 	0.049
11	7.83	78 	0.054
12	7.84	78 	0.059
13	7.86	79 	0.063
14	7.87	79 	0.068
15	7.88	79 	0.073
16	7.89	79 	0.078
17	7.90	79 	0.083
18	7.92	79 	0.088
19	7.93	79 	0.093
20	7.94	79 	0.098
21	7.95	80 	0.103
22	7.96	80 	0.107
23	7.98	80 	0.112
24	7.99	80 	0.117
25	8.00	80 	0.122
26	8.01	80 	0.127
27	8.02	80 	0.132
28	8.04	80 	0.137
29	8.05	80 	0.142
30	8.06	81 	0.146
31	8.07	81 	0.151
32	8.08	81 	0.156
33	8.10	81 	0.161
34	8.11	81 	0.166
35	8.12	81 	0.171
36	8.13	81 	0.176
37	8.14	81 	0.181
38	8.16	82 	0.186
39	8.17	82 	0.190
40	8.18	82 	0.195
41	8.19	82 	0.200
42	8.20	82 	0.205
43	8.22	82 	0.210
44	8.23	82 	0.215
45	8.24	82 	0.220
46	8.25	83 	0.225
47	8.26	83 	0.229
48	8.28	83 	0.234
49	8.29	83 	0.239
50	8.30	83 	0.244
51	8.31	83 	0.249
52	8.32	83 	0.254
53	8.34	83 	0.259
54	8.35	83 	0.264
55	8.36	84 	0.269
56	8.37	84 	0.273
57	8.38	84 	0.278
58	8.40	84 	0.283
59	8.41	84 	0.288
60	8.42	84 	0.293
61	8.43	84 	0.298
62	8.44	84 	0.303
63	8.46	85 	0.308
64	8.47	85 	0.313
65	8.48	85 	0.317
66	8.49	85 	0.322
67	8.50	85 	0.327
68	8.52	85 	0.332
69	8.53	85 	0.337
70	8.54	85 	0.342
71	8.55	86 	0.347
72	8.56	86 	0.352
73	8.58	86 	0.356
74	8.59	86 	0.361
75	8.60	86 	0.366
76	8.61	86 	0.371
77	8.62	86 	0.376
78	8.64	86 	0.381
79	8.65	86 	0.386
80	8.66	87 	0.391
81	8.67	87 	0.396
82	8.68	87 	0.400
83	8.70	87 	0.405
84	8.71	87 	0.410
85	8.72	87 	0.415
86	8.73	87 	0.420
87	8.75	87 	0.425
88	8.76	88 	0.430
89	8.77	88 	0.435
90	8.78	88 	0.439
91	8.79	88 	0.444
92	8.81	88 	0.449
93	8.82	88 	0.454
94	8.83	88 	0.459
95	8.84	88 	0.464
96	8.85	89 	0.469
97	8.87	89 	0.474
98	8.88	89 	0.479
99	8.89	89 	0.483
100	8.90	89 	0.488
101	8.91	89 	0.493
102	8.93	89 	0.498
103	8.94	89 	0.503
104	8.95	89 	0.508
105	8.96	90 	0.513
106	8.97	90 	0.518
107	8.99	90 	0.522
108	9.00	90 	0.527
109	9.01	90 	0.532
110	9.02	90 	0.537
111	9.03	90 	0.542
112	9.05	90 	0.547
113	9.06	91 	0.552
114	9.07	91 	0.557
115	9.08	91 	0.562
116	9.09	91 	0.566
117	9.11	91 	0.571
118	9.12	91 	0.576
119	9.13	91 	0.581
120	9.14	91 	0.586
121	9.15	92 	0.591
122	9.17	92 	0.596
123	9.18	92 	0.601
124	9.19	92 	0.605
125	9.20	92 	0.610
126	9.21	92 	0.615
127	9.23	92 	0.620
128	9.24	92 	0.625
129	9.25	92 	0.630
130	9.26	93 	0.635
131	9.27	93 	0.640
132	9.29	93 	0.645
133	9.30	93 	0.649
134	9.31	93 	0.654
135	9.32	93 	0.659
136	9.33	93 	0.664
137	9.35	93 	0.669
138	9.36	94 	0.674
139	9.37	94 	0.679
140	9.38	94 	0.684
141	9.39	94 	0.688
142	9.41	94 	0.693
143	9.42	94 	0.698
144	9.43	94 	0.703
145	9.44	94 	0.708
146	9.45	95 	0.713
147	9.47	95 	0.718
148	9.48	95 	0.723
149	9.49	95 	0.728
150	9.50	95 	0.732
151	9.51	95 	0.737
152	9.53	95 	0.742
153	9.54	95 	0.747
154	9.55	95 	0.752
155	9.56	96 	0.757
156	9.57	96 	0.762
157	9.59	96 	0.767
158	9.60	96 	0.771
159	9.61	96 	0.776
160	9.62	96 	0.781
161	9.63	96 	0.786
162	9.65	96 	0.791
163	9.66	97 	0.796
164	9.67	97 	0.801
165	9.68	97 	0.806
166	9.69	97 	0.811
167	9.71	97 	0.815
168	9.72	97 	0.820
169	9.73	97 	0.825
170	9.74	97 	0.830
171	9.75	98 	0.835
172	9.77	98 	0.840
173	9.78	98 	0.845
174	9.79	98 	0.850
175	9.80	98 	0.854
176	9.81	98 	0.859
177	9.83	98 	0.864
178	9.84	98 	0.869
179	9.85	99 	0.874
180	9.86	99 	0.879
181	9.87	99 	0.884
182	9.89	99 	0.889
183	9.90	99 	0.894
184	9.91	99 	0.898
185	9.92	99 	0.903
186	9.93	99 	0.908
187	9.95	99 	0.913
188	9.96	100 	0.918
189	9.97	100 	0.923
190	9.98	100 	0.928
191	9.99	100 	0.933
192	10.01	100 	0.938
193	10.02	100 	0.942
194	10.03	100 	0.947
195	10.04	100 	0.952
196	10.05	101 	0.957
197	10.07	101 	0.962
198	10.08	101 	0.967
199	10.09	101 	0.972
200	10.10	101 	0.977
201	10.11	101 	0.981
202	10.13	101 	0.986
203	10.14	101 	0.991
204	10.15	102 	0.996
205	10.16	102 	1.001
206	10.17	102 	1.006
207	10.19	102 	1.011
208	10.20	102 	1.016
209	10.21	102 	1.021
210	10.22	102 	1.025
211	10.23	102 	1.030
212	10.25	102 	1.035
213	10.26	103 	1.040
214	10.27	103 	1.045
215	10.28	103 	1.050
216	10.29	103 	1.055
217	10.31	103 	1.060
218	10.32	103 	1.064
219	10.33	103 	1.069
220	10.34	103 	1.074
221	10.35	104 	1.079
222	10.37	104 	1.084
223	10.38	104 	1.089
224	10.39	104 	1.094
225	10.40	104 	1.099
226	10.41	104 	1.104
227	10.43	104 	1.108
228	10.44	104 	1.113
229	10.45	105 	1.118
230	10.46	105 	1.123
231	10.47	105 	1.128
232	10.49	105 	1.133
233	10.50	105 	1.138
234	10.51	105 	1.143
235	10.52	105 	1.147
236	10.53	105 	1.152
237	10.55	105 	1.157
238	10.56	106 	1.162
239	10.57	106 	1.167
240	10.58	106 	1.172
241	10.59	106 	1.177
242	10.61	106 	1.182
243	10.62	106 	1.187
244	10.63	106 	1.191
245	10.64	106 	1.196
246	10.65	107 	1.201
247	10.67	107 	1.206
248	10.68	107 	1.211
249	10.69	107 	1.216
250	10.70	107 	1.221
251	10.71	107 	1.226
252	10.73	107 	1.230
253	10.74	107 	1.235
254	10.75	108 	1.240
255	10.76	108 	1.245
256	10.78	108 	1.250
257	10.79	108 	1.255
258	10.80	108 	1.260
259	10.81	108 	1.265
260	10.82	108 	1.270
261	10.84	108 	1.274
262	10.85	108 	1.279
263	10.86	109 	1.284
264	10.87	109 	1.289
265	10.88	109 	1.294
266	10.90	109 	1.299
267	10.91	109 	1.304
268	10.92	109 	1.309
269	10.93	109 	1.313
270	10.94	109 	1.318
271	10.96	110 	1.323
272	10.97	110 	1.328
273	10.98	110 	1.333
274	10.99	110 	1.338
275	11.00	110 	1.343
276	11.02	110 	1.348
277	11.03	110 	1.353
278	11.04	110 	1.357
279	11.05	111 	1.362
280	11.06	111 	1.367
281	11.08	111 	1.372
282	11.09	111 	1.377
283	11.10	111 	1.382
284	11.11	111 	1.387
285	11.12	111 	1.392
286	11.14	111 	1.396
287	11.15	111 	1.401
288	11.16	112 	1.406
289	11.17	112 	1.411
290	11.18	112 	1.416
291	11.20	112 	1.421
292	11.21	112 	1.426
293	11.22	112 	1.431
294	11.23	112 	1.436
295	11.24	112 	1.440
296	11.26	113 	1.445
297	11.27	113 	1.450
298	11.28	113 	1.455
299	11.29	113 	1.460
300	11.30	113 	1.465
301	11.32	113 	1.470
302	11.33	113 	1.475
303	11.34	113 	1.479
304	11.35	114 	1.484
305	11.36	114 	1.489
306	11.38	114 	1.494
307	11.39	114 	1.499
308	11.40	114 	1.504
309	11.41	114 	1.509
310	11.42	114 	1.514
311	11.44	114 	1.519
312	11.45	114 	1.523
313	11.46	115 	1.528
314	11.47	115 	1.533
315	11.48	115 	1.538
316	11.50	115 	1.543
317	11.51	115 	1.548
318	11.52	115 	1.553
319	11.53	115 	1.558
320	11.54	115 	1.563
321	11.56	116 	1.567
322	11.57	116 	1.572
323	11.58	116 	1.577
324	11.59	116 	1.582
325	11.60	116 	1.587
326	11.62	116 	1.592
327	11.63	116 	1.597
328	11.64	116 	1.602
329	11.65	117 	1.606
330	11.66	117 	1.611
331	11.68	117 	1.616
332	11.69	117 	1.621
333	11.70	117 	1.626
334	11.71	117 	1.631
335	11.72	117 	1.636
336	11.74	117 	1.641
337	11.75	117 	1.646
338	11.76	118 	1.650
339	11.77	118 	1.655
340	11.78	118 	1.660
341	11.80	118 	1.665
342	11.81	118 	1.670
343	11.82	118 	1.675
344	11.83	118 	1.680
345	11.84	118 	1.685
346	11.86	119 	1.689
347	11.87	119 	1.694
348	11.88	119 	1.699
349	11.89	119 	1.704
350	11.90	119 	1.709
351	11.92	119 	1.714
352	11.93	119 	1.719
353	11.94	119 	1.724
354	11.95	120 	1.729
355	11.96	120 	1.733
356	11.98	120 	1.738
357	11.99	120 	1.743
358	12.00	120 	1.748
359	12.01	120 	1.753
360	12.02	120 	1.758
361	12.04	120 	1.763
362	12.05	120 	1.768
363	12.06	121 	1.772
364	12.07	121 	1.777
365	12.08	121 	1.782
366	12.10	121 	1.787
367	12.11	121 	1.792
368	12.12	121 	1.797
369	12.13	121 	1.802
370	12.14	121 	1.807
371	12.16	122 	1.812
372	12.17	122 	1.816
373	12.18	122 	1.821
374	12.19	122 	1.826
375	12.20	122 	1.831
376	12.22	122 	1.836
377	12.23	122 	1.841
378	12.24	122 	1.846
379	12.25	123 	1.851
380	12.26	123 	1.855
381	12.28	123 	1.860
382	12.29	123 	1.865
383	12.30	123 	1.870
384	12.31	123 	1.875
385	12.32	123 	1.880
386	12.34	123 	1.885
387	12.35	123 	1.890
388	12.36	124 	1.895
389	12.37	124 	1.899
390	12.38	124 	1.904
391	12.40	124 	1.909
392	12.41	124 	1.914
393	12.42	124 	1.919
394	12.43	124 	1.924
395	12.44	124 	1.929
396	12.46	125 	1.934
397	12.47	125 	1.938
398	12.48	125 	1.943
399	12.49	125 	1.948
400	12.50	125 	1.953
401	12.52	125 	1.958
402	12.53	125 	1.963
403	12.54	125 	1.968
404	12.55	126 	1.973
405	12.56	126 	1.978
406	12.58	126 	1.982
407	12.59	126 	1.987
408	12.60	126 	1.992
409	12.61	126 	1.997
410	12.62	126 	2.002
411	12.64	126 	2.007
412	12.65	126 	2.012
413	12.66	127 	2.017
414	12.67	127 	2.021
415	12.68	127 	2.026
416	12.70	127 	2.031
417	12.71	127 	2.036
418	12.72	127 	2.041
419	12.73	127 	2.046
420	12.74	127 	2.051
421	12.76	128 	2.056
422	12.77	128 	2.061
423	12.78	128 	2.065
424	12.79	128 	2.070
425	12.80	128 	2.075
426	12.82	128 	2.080
427	12.83	128 	2.085
428	12.84	128 	2.090
429	12.85	129 	2.095
430	12.87	129 	2.100
431	12.88	129 	2.104
432	12.89	129 	2.109
433	12.90	129 	2.114
434	12.91	129 	2.119
435	12.93	129 	2.124
436	12.94	129 	2.129
437	12.95	129 	2.134
438	12.96	130 	2.139
439	12.97	130 	2.144
440	12.99	130 	2.148
441	13.00	130 	2.153
442	13.01	130 	2.158
443	13.02	130 	2.163
444	13.03	130 	2.168
445	13.05	130 	2.173
446	13.06	131 	2.178
447	13.07	131 	2.183
448	13.08	131 	2.188
449	13.09	131 	2.192
450	13.11	131 	2.197
451	13.12	131 	2.202
452	13.13	131 	2.207
453	13.14	131 	2.212
454	13.15	132 	2.217
455	13.17	132 	2.222
456	13.18	132 	2.227
457	13.19	132 	2.231
458	13.20	132 	2.236
459	13.21	132 	2.241
460	13.23	132 	2.246
461	13.24	132 	2.251
462	13.25	132 	2.256
463	13.26	133 	2.261
464	13.27	133 	2.266
465	13.29	133 	2.271
466	13.30	133 	2.275
467	13.31	133 	2.280
468	13.32	133 	2.285
469	13.33	133 	2.290
470	13.35	133 	2.295
471	13.36	134 	2.300
472	13.37	134 	2.305
473	13.38	134 	2.310
474	13.39	134 	2.314
475	13.41	134 	2.319
476	13.42	134 	2.324
477	13.43	134 	2.329
478	13.44	134 	2.334
479	13.45	135 	2.339
480	13.47	135 	2.344
481	13.48	135 	2.349
482	13.49	135 	2.354
483	13.50	135 	2.358
484	13.51	135 	2.363
485	13.53	135 	2.368
486	13.54	135 	2.373
487	13.55	135 	2.378
488	13.56	136 	2.383
489	13.57	136 	2.388
490	13.59	136 	2.393
491	13.60	136 	2.397
492	13.61	136 	2.402
493	13.62	136 	2.407
494	13.63	136 	2.412
495	13.65	136 	2.417
496	13.66	137 	2.422
497	13.67	137 	2.427
498	13.68	137 	2.432
499	13.69	137 	2.437
500	13.71	137 	2.441
501	13.72	137 	2.446
502	13.73	137 	2.451
503	13.74	137 	2.456
504	13.75	138 	2.461
505	13.77	138 	2.466
506	13.78	138 	2.471
507	13.79	138 	2.476
508	13.80	138 	2.480
509	13.81	138 	2.485
510	13.83	138 	2.490
511	13.84	138 	2.495
512	13.85	139 	2.500
513	13.86	139 	2.505
514	13.87	139 	2.510
515	13.89	139 	2.515
516	13.90	139 	2.520
517	13.91	139 	2.524
518	13.92	139 	2.529
519	13.93	139 	2.534
520	13.95	139 	2.539
521	13.96	140 	2.544
522	13.97	140 	2.549
523	13.98	140 	2.554
524	13.99	140 	2.559
525	14.01	140 	2.563
526	14.02	140 	2.568
527	14.03	140 	2.573
528	14.04	140 	2.578
529	14.05	141 	2.583
530	14.07	141 	2.588
531	14.08	141 	2.593
532	14.09	141 	2.598
533	14.10	141 	2.603
534	14.11	141 	2.607
535	14.13	141 	2.612
536	14.14	141 	2.617
537	14.15	142 	2.622
538	14.16	142 	2.627
539	14.17	142 	2.632
540	14.19	142 	2.637
541	14.20	142 	2.642
542	14.21	142 	2.646
543	14.22	142 	2.651
544	14.23	142 	2.656
545	14.25	142 	2.661
546	14.26	143 	2.666
547	14.27	143 	2.671
548	14.28	143 	2.676
549	14.29	143 	2.681
550	14.31	143 	2.686
551	14.32	143 	2.690
552	14.33	143 	2.695
553	14.34	143 	2.700
554	14.35	144 	2.705
555	14.37	144 	2.710
556	14.38	144 	2.715
557	14.39	144 	2.720
558	14.40	144 	2.725
559	14.41	144 	2.729
560	14.43	144 	2.734
561	14.44	144 	2.739
562	14.45	145 	2.744
563	14.46	145 	2.749
564	14.47	145 	2.754
565	14.49	145 	2.759
566	14.50	145 	2.764
567	14.51	145 	2.769
568	14.52	145 	2.773
569	14.53	145 	2.778
570	14.55	145 	2.783
571	14.56	146 	2.788
572	14.57	146 	2.793
573	14.58	146 	2.798
574	14.59	146 	2.803
575	14.61	146 	2.808
576	14.62	146 	2.813
577	14.63	146 	2.817
578	14.64	146 	2.822
579	14.65	147 	2.827
580	14.67	147 	2.832
581	14.68	147 	2.837
582	14.69	147 	2.842
583	14.70	147 	2.847
584	14.71	147 	2.852
585	14.73	147 	2.856
586	14.74	147 	2.861
587	14.75	148 	2.866
588	14.76	148 	2.871
589	14.77	148 	2.876
590	14.79	148 	2.881
591	14.80	148 	2.886
592	14.81	148 	2.891
593	14.82	148 	2.896
594	14.83	148 	2.900
595	14.85	148 	2.905
596	14.86	149 	2.910
597	14.87	149 	2.915
598	14.88	149 	2.920
599	14.90	149 	2.925
600	14.91	149 	2.930
601	14.92	149 	2.935
602	14.93	149 	2.939
603	14.94	149 	2.944
604	14.96	150 	2.949
605	14.97	150 	2.954
606	14.98	150 	2.959
607	14.99	150 	2.964
608	15.00	150 	2.969
609	15.02	150 	2.974
610	15.03	150 	2.979
611	15.04	150 	2.983
612	15.05	151 	2.988
613	15.06	151 	2.993
614	15.08	151 	2.998
615	15.09	151 	3.003
616	15.10	151 	3.008
617	15.11	151 	3.013
618	15.12	151 	3.018
619	15.14	151 	3.022
620	15.15	151 	3.027
621	15.16	152 	3.032
622	15.17	152 	3.037
623	15.18	152 	3.042
624	15.20	152 	3.047
625	15.21	152 	3.052
626	15.22	152 	3.057
627	15.23	152 	3.062
628	15.24	152 	3.066
629	15.26	153 	3.071
630	15.27	153 	3.076
631	15.28	153 	3.081
632	15.29	153 	3.086
633	15.30	153 	3.091
634	15.32	153 	3.096
635	15.33	153 	3.101
636	15.34	153 	3.105
637	15.35	154 	3.110
638	15.36	154 	3.115
639	15.38	154 	3.120
640	15.39	154 	3.125
641	15.40	154 	3.130
642	15.41	154 	3.135
643	15.42	154 	3.140
644	15.44	154 	3.145
645	15.45	154 	3.149
646	15.46	155 	3.154
647	15.47	155 	3.159
648	15.48	155 	3.164
649	15.50	155 	3.169
650	15.51	155 	3.174
651	15.52	155 	3.179
652	15.53	155 	3.184
653	15.54	155 	3.188
654	15.56	156 	3.193
655	15.57	156 	3.198
656	15.58	156 	3.203
657	15.59	156 	3.208
658	15.60	156 	3.213
659	15.62	156 	3.218
660	15.63	156 	3.223
661	15.64	156 	3.228
662	15.65	157 	3.232
663	15.66	157 	3.237
664	15.68	157 	3.242
665	15.69	157 	3.247
666	15.70	157 	3.252
667	15.71	157 	3.257
668	15.72	157 	3.262
669	15.74	157 	3.267
670	15.75	157 	3.271
671	15.76	158 	3.276
672	15.77	158 	3.281
673	15.78	158 	3.286
674	15.80	158 	3.291
675	15.81	158 	3.296
676	15.82	158 	3.301
677	15.83	158 	3.306
678	15.84	158 	3.311
679	15.86	159 	3.315
680	15.87	159 	3.320
681	15.88	159 	3.325
682	15.89	159 	3.330
683	15.90	159 	3.335
684	15.92	159 	3.340
685	15.93	159 	3.345
686	15.94	159 	3.350
687	15.95	160 	3.354
688	15.96	160 	3.359
689	15.98	160 	3.364
690	15.99	160 	3.369
691	16.00	160 	3.374
692	16.01	160 	3.379
693	16.02	160 	3.384
694	16.04	160 	3.389
695	16.05	160 	3.394
696	16.06	161 	3.398
697	16.07	161 	3.403
698	16.08	161 	3.408
699	16.10	161 	3.413
700	16.11	161 	3.418
701	16.12	161 	3.423
702	16.13	161 	3.428
703	16.14	161 	3.433
704	16.16	162 	3.438
705	16.17	162 	3.442
706	16.18	162 	3.447
707	16.19	162 	3.452
708	16.20	162 	3.457
709	16.22	162 	3.462
710	16.23	162 	3.467
711	16.24	162 	3.472
712	16.25	163 	3.477
713	16.26	163 	3.481
714	16.28	163 	3.486
715	16.29	163 	3.491
716	16.30	163 	3.496
717	16.31	163 	3.501
718	16.32	163 	3.506
719	16.34	163 	3.511
720	16.35	163 	3.516
721	16.36	164 	3.521
722	16.37	164 	3.525
723	16.38	164 	3.530
724	16.40	164 	3.535
725	16.41	164 	3.540
726	16.42	164 	3.545
727	16.43	164 	3.550
728	16.44	164 	3.555
729	16.46	165 	3.560
730	16.47	165 	3.564
731	16.48	165 	3.569
732	16.49	165 	3.574
733	16.50	165 	3.579
734	16.52	165 	3.584
735	16.53	165 	3.589
736	16.54	165 	3.594
737	16.55	166 	3.599
738	16.56	166 	3.604
739	16.58	166 	3.608
740	16.59	166 	3.613
741	16.60	166 	3.618
742	16.61	166 	3.623
743	16.62	166 	3.628
744	16.64	166 	3.633
745	16.65	166 	3.638
746	16.66	167 	3.643
747	16.67	167 	3.647
748	16.68	167 	3.652
749	16.70	167 	3.657
750	16.71	167 	3.662
751	16.72	167 	3.667
752	16.73	167 	3.672
753	16.74	167 	3.677
754	16.76	168 	3.682
755	16.77	168 	3.687
756	16.78	168 	3.691
757	16.79	168 	3.696
758	16.80	168 	3.701
759	16.82	168 	3.706
760	16.83	168 	3.711
761	16.84	168 	3.716
762	16.85	169 	3.721
763	16.86	169 	3.726
764	16.88	169 	3.730
765	16.89	169 	3.735
766	16.90	169 	3.740
767	16.91	169 	3.745
768	16.93	169 	3.750
769	16.94	169 	3.755
770	16.95	169 	3.760
771	16.96	170 	3.765
772	16.97	170 	3.770
773	16.99	170 	3.774
774	17.00	170 	3.779
775	17.01	170 	3.784
776	17.02	170 	3.789
777	17.03	170 	3.794
778	17.05	170 	3.799
779	17.06	171 	3.804
780	17.07	171 	3.809
781	17.08	171 	3.813
782	17.09	171 	3.818
783	17.11	171 	3.823
784	17.12	171 	3.828
785	17.13	171 	3.833
786	17.14	171 	3.838
787	17.15	172 	3.843
788	17.17	172 	3.848
789	17.18	172 	3.853
790	17.19	172 	3.857
791	17.20	172 	3.862
792	17.21	172 	3.867
793	17.23	172 	3.872
794	17.24	172 	3.877
795	17.25	172 	3.882
796	17.26	173 	3.887
797	17.27	173 	3.892
798	17.29	173 	3.896
799	17.30	173 	3.901
800	17.31	173 	3.906
801	17.32	173 	3.911
802	17.33	173 	3.916
803	17.35	173 	3.921
804	17.36	174 	3.926
805	17.37	174 	3.931
806	17.38	174 	3.936
807	17.39	174 	3.940
808	17.41	174 	3.945
809	17.42	174 	3.950
810	17.43	174 	3.955
811	17.44	174 	3.960
812	17.45	175 	3.965
813	17.47	175 	3.970
814	17.48	175 	3.975
815	17.49	175 	3.979
816	17.50	175 	3.984
817	17.51	175 	3.989
818	17.53	175 	3.994
819	17.54	175 	3.999
820	17.55	175 	4.004
821	17.56	176 	4.009
822	17.57	176 	4.014
823	17.59	176 	4.019
824	17.60	176 	4.023
825	17.61	176 	4.028
826	17.62	176 	4.033
827	17.63	176 	4.038
828	17.65	176 	4.043
829	17.66	177 	4.048
830	17.67	177 	4.053
831	17.68	177 	4.058
832	17.69	177 	4.063
833	17.71	177 	4.067
834	17.72	177 	4.072
835	17.73	177 	4.077
836	17.74	177 	4.082
837	17.75	178 	4.087
838	17.77	178 	4.092
839	17.78	178 	4.097
840	17.79	178 	4.102
841	17.80	178 	4.106
842	17.81	178 	4.111
843	17.83	178 	4.116
844	17.84	178 	4.121
845	17.85	178 	4.126
846	17.86	179 	4.131
847	17.87	179 	4.136
848	17.89	179 	4.141
849	17.90	179 	4.146
850	17.91	179 	4.150
851	17.92	179 	4.155
852	17.93	179 	4.160
853	17.95	179 	4.165
854	17.96	180 	4.170
855	17.97	180 	4.175
856	17.98	180 	4.180
857	17.99	180 	4.185
858	18.01	180 	4.189
859	18.02	180 	4.194
860	18.03	180 	4.199
861	18.04	180 	4.204
862	18.05	181 	4.209
863	18.07	181 	4.214
864	18.08	181 	4.219
865	18.09	181 	4.224
866	18.10	181 	4.229
867	18.11	181 	4.233
868	18.13	181 	4.238
869	18.14	181 	4.243
870	18.15	182 	4.248
871	18.16	182 	4.253
872	18.17	182 	4.258
873	18.19	182 	4.263
874	18.20	182 	4.268
875	18.21	182 	4.272
876	18.22	182 	4.277
877	18.23	182 	4.282
878	18.25	182 	4.287
879	18.26	183 	4.292
880	18.27	183 	4.297
881	18.28	183 	4.302
882	18.29	183 	4.307
883	18.31	183 	4.312
884	18.32	183 	4.316
885	18.33	183 	4.321
886	18.34	183 	4.326
887	18.35	184 	4.331
888	18.37	184 	4.336
889	18.38	184 	4.341
890	18.39	184 	4.346
891	18.40	184 	4.351
892	18.41	184 	4.355
893	18.43	184 	4.360
894	18.44	184 	4.365
895	18.45	185 	4.370
896	18.46	185 	4.375
897	18.47	185 	4.380
898	18.49	185 	4.385
899	18.50	185 	4.390
900	18.51	185 	4.395
901	18.52	185 	4.399
902	18.53	185 	4.404
903	18.55	185 	4.409
904	18.56	186 	4.414
905	18.57	186 	4.419
906	18.58	186 	4.424
907	18.59	186 	4.429
908	18.61	186 	4.434
909	18.62	186 	4.438
910	18.63	186 	4.443
911	18.64	186 	4.448
912	18.65	187 	4.453
913	18.67	187 	4.458
914	18.68	187 	4.463
915	18.69	187 	4.468
916	18.70	187 	4.473
917	18.71	187 	4.478
918	18.73	187 	4.482
919	18.74	187 	4.487
920	18.75	188 	4.492
921	18.76	188 	4.497
922	18.77	188 	4.502
923	18.79	188 	4.507
924	18.80	188 	4.512
925	18.81	188 	4.517
926	18.82	188 	4.521
927	18.83	188 	4.526
928	18.85	188 	4.531
929	18.86	189 	4.536
930	18.87	189 	4.541
931	18.88	189 	4.546
932	18.89	189 	4.551
933	18.91	189 	4.556
934	18.92	189 	4.561
935	18.93	189 	4.565
936	18.94	189 	4.570
937	18.95	190 	4.575
938	18.97	190 	4.580
939	18.98	190 	4.585
940	18.99	190 	4.590
941	19.00	190 	4.595
942	19.02	190 	4.600
943	19.03	190 	4.604
944	19.04	190 	4.609
945	19.05	191 	4.614
946	19.06	191 	4.619
947	19.08	191 	4.624
948	19.09	191 	4.629
949	19.10	191 	4.634
950	19.11	191 	4.639
951	19.12	191 	4.644
952	19.14	191 	4.648
953	19.15	191 	4.653
954	19.16	192 	4.658
955	19.17	192 	4.663
956	19.18	192 	4.668
957	19.20	192 	4.673
958	19.21	192 	4.678
959	19.22	192 	4.683
960	19.23	192 	4.688
961	19.24	192 	4.692
962	19.26	193 	4.697
963	19.27	193 	4.702
964	19.28	193 	4.707
965	19.29	193 	4.712
966	19.30	193 	4.717
967	19.32	193 	4.722
968	19.33	193 	4.727
969	19.34	193 	4.731
970	19.35	194 	4.736
971	19.36	194 	4.741
972	19.38	194 	4.746
973	19.39	194 	4.751
974	19.40	194 	4.756
975	19.41	194 	4.761
976	19.42	194 	4.766
977	19.44	194 	4.771
978	19.45	194 	4.775
979	19.46	195 	4.780
980	19.47	195 	4.785
981	19.48	195 	4.790
982	19.50	195 	4.795
983	19.51	195 	4.800
984	19.52	195 	4.805
985	19.53	195 	4.810
986	19.54	195 	4.814
987	19.56	196 	4.819
988	19.57	196 	4.824
989	19.58	196 	4.829
990	19.59	196 	4.834
991	19.60	196 	4.839
992	19.62	196 	4.844
993	19.63	196 	4.849
994	19.64	196 	4.854
995	19.65	197 	4.858
996	19.66	197 	4.863
997	19.68	197 	4.868
998	19.69	197 	4.873
999	19.70	197 	4.878
1000	19.71	197 	4.883
1001	19.72	197 	4.888
1002	19.74	197 	4.893
1003	19.75	197 	4.897
1004	19.76	198 	4.902
1005	19.77	198 	4.907
1006	19.78	198 	4.912
1007	19.80	198 	4.917
1008	19.81	198 	4.922
1009	19.82	198 	4.927
1010	19.83	198 	4.932
1011	19.84	198 	4.937
1012	19.86	199 	4.941
1013	19.87	199 	4.946
1014	19.88	199 	4.951
1015	19.89	199 	4.956
1016	19.90	199 	4.961
1017	19.92	199 	4.966
1018	19.93	199 	4.971
1019	19.94	199 	4.976
1020	19.95	200 	4.980
1021	19.96	200 	4.985
1022	19.98	200 	4.990
1023	19.99	200 	4.995
